<?xml version="1.0" encoding="UTF-8"?>
<!-- Generated by org.testng.reporters.JUnitReportReporter -->
<testsuite hostname="Vatsals-MacBook-Pro.local" failures="0" tests="5" name="tests.Testing1" time="0.007" errors="0" timestamp="29 Apr 2022 19:48:27 GMT" skipped="0">
  <testcase classname="tests.Testing1" name="test3" time="0.001"/>
  <testcase classname="tests.Testing1" name="testDataProvider" time="0.001"/>
  <testcase classname="tests.Testing1" name="test1" time="0.003"/>
  <testcase classname="tests.Testing1" name="testDataProvider" time="0.001"/>
  <testcase classname="tests.Testing1" name="test2" time="0.001"/>
</testsuite> <!-- tests.Testing1 -->
