<?xml version="1.0" encoding="UTF-8"?>
<!-- Generated by org.testng.reporters.JUnitReportReporter -->
<testsuite hostname="Vatsals-MacBook-Pro.local" failures="0" tests="5" name="tests.Testing1" time="0.002" errors="0" timestamp="06 Mar 2022 21:55:53 GMT" skipped="0">
  <testcase classname="tests.Testing1" name="testDataProvider" time="0.000"/>
  <testcase classname="tests.Testing1" name="test3" time="0.000"/>
  <testcase classname="tests.Testing1" name="test1" time="0.000"/>
  <testcase classname="tests.Testing1" name="test2" time="0.002"/>
  <testcase classname="tests.Testing1" name="testDataProvider" time="0.000"/>
</testsuite> <!-- tests.Testing1 -->
