<?xml version="1.0" encoding="UTF-8"?>
<!-- Generated by org.testng.reporters.JUnitReportReporter -->
<testsuite hostname="Vatsals-MacBook-Pro.local" failures="0" tests="2" name="tests.Testing2" time="0.000" errors="0" timestamp="06 Mar 2022 21:55:53 GMT" skipped="0">
  <testcase classname="tests.Testing2" name="test4" time="0.000"/>
  <testcase classname="tests.Testing2" name="test5" time="0.000"/>
</testsuite> <!-- tests.Testing2 -->
